1589947582224	mozrunner::runner	INFO	Running command: "C:\\Program Files\\Mozilla Firefox\\firefox.exe" "-marionette" "-foreground" "-no-remote" "-profile" "C:\\Users\\riven\\AppData\\Local\\Temp\\rust_mozprofileHxyQMk"
1589947582957	addons.webextension.doh-rollout@mozilla.org	WARN	Loading extension 'doh-rollout@mozilla.org': Reading manifest: Invalid extension permission: networkStatus
1589947583309	addons.webextension.screenshots@mozilla.org	WARN	Loading extension 'screenshots@mozilla.org': Reading manifest: Invalid extension permission: mozillaAddons
1589947583309	addons.webextension.screenshots@mozilla.org	WARN	Loading extension 'screenshots@mozilla.org': Reading manifest: Invalid extension permission: telemetry
1589947583309	addons.webextension.screenshots@mozilla.org	WARN	Loading extension 'screenshots@mozilla.org': Reading manifest: Invalid extension permission: resource://pdf.js/
1589947583309	addons.webextension.screenshots@mozilla.org	WARN	Loading extension 'screenshots@mozilla.org': Reading manifest: Invalid extension permission: about:reader*
JavaScript error: resource://gre/modules/XULStore.jsm, line 66: Error: Can't find profile directory.
1589947585078	Marionette	INFO	Listening on port 62561
1589947585353	Marionette	WARN	TLS certificate errors will be ignored for this session
JavaScript warning: https://duckduckgo.com/d2793.js, line 1: unreachable code after return statement
JavaScript warning: https://duckduckgo.com/d2793.js, line 1: unreachable code after return statement
JavaScript warning: https://duckduckgo.com/d2793.js, line 1: unreachable code after return statement
JavaScript warning: https://duckduckgo.com/d2793.js, line 1: unreachable code after return statement
JavaScript warning: https://duckduckgo.com/d2793.js, line 1: unreachable code after return statement
JavaScript warning: https://duckduckgo.com/d2793.js, line 1: unreachable code after return statement
1589947586621	Marionette	INFO	Stopped listening on port 62561

###!!! [Child][RunMessage] Error: Channel closing: too late to send/recv, messages will be lost


###!!! [Child][MessageChannel::SendAndWait] Error: Channel error: cannot send/recv

1589947591018	mozrunner::runner	INFO	Running command: "C:\\Program Files\\Mozilla Firefox\\firefox.exe" "-marionette" "-foreground" "-no-remote" "-profile" "C:\\Users\\riven\\AppData\\Local\\Temp\\rust_mozprofileXAkH44"
1589947591387	addons.webextension.doh-rollout@mozilla.org	WARN	Loading extension 'doh-rollout@mozilla.org': Reading manifest: Invalid extension permission: networkStatus
1589947591738	addons.webextension.screenshots@mozilla.org	WARN	Loading extension 'screenshots@mozilla.org': Reading manifest: Invalid extension permission: mozillaAddons
1589947591738	addons.webextension.screenshots@mozilla.org	WARN	Loading extension 'screenshots@mozilla.org': Reading manifest: Invalid extension permission: telemetry
1589947591738	addons.webextension.screenshots@mozilla.org	WARN	Loading extension 'screenshots@mozilla.org': Reading manifest: Invalid extension permission: resource://pdf.js/
1589947591738	addons.webextension.screenshots@mozilla.org	WARN	Loading extension 'screenshots@mozilla.org': Reading manifest: Invalid extension permission: about:reader*
JavaScript error: resource://gre/modules/XULStore.jsm, line 66: Error: Can't find profile directory.
1589947593749	Marionette	INFO	Listening on port 62615
1589947594130	Marionette	WARN	TLS certificate errors will be ignored for this session
JavaScript warning: https://duckduckgo.com/d2793.js, line 1: unreachable code after return statement
JavaScript warning: https://duckduckgo.com/d2793.js, line 1: unreachable code after return statement
JavaScript warning: https://duckduckgo.com/d2793.js, line 1: unreachable code after return statement
1589947594985	Marionette	INFO	Stopped listening on port 62615

###!!! [Child][RunMessage] Error: Channel closing: too late to send/recv, messages will be lost


###!!! [Child][MessageChannel::SendAndWait] Error: Channel error: cannot send/recv

1589947656693	mozrunner::runner	INFO	Running command: "C:\\Program Files\\Mozilla Firefox\\firefox.exe" "-marionette" "-foreground" "-no-remote" "-profile" "C:\\Users\\riven\\AppData\\Local\\Temp\\rust_mozprofileeebJQr"
1589947657018	addons.webextension.doh-rollout@mozilla.org	WARN	Loading extension 'doh-rollout@mozilla.org': Reading manifest: Invalid extension permission: networkStatus
1589947657386	addons.webextension.screenshots@mozilla.org	WARN	Loading extension 'screenshots@mozilla.org': Reading manifest: Invalid extension permission: mozillaAddons
1589947657386	addons.webextension.screenshots@mozilla.org	WARN	Loading extension 'screenshots@mozilla.org': Reading manifest: Invalid extension permission: telemetry
1589947657386	addons.webextension.screenshots@mozilla.org	WARN	Loading extension 'screenshots@mozilla.org': Reading manifest: Invalid extension permission: resource://pdf.js/
1589947657386	addons.webextension.screenshots@mozilla.org	WARN	Loading extension 'screenshots@mozilla.org': Reading manifest: Invalid extension permission: about:reader*
JavaScript error: resource://gre/modules/XULStore.jsm, line 66: Error: Can't find profile directory.
1589947658874	Marionette	INFO	Listening on port 62674
1589947659302	Marionette	WARN	TLS certificate errors will be ignored for this session
JavaScript warning: https://duckduckgo.com/d2793.js, line 1: unreachable code after return statement
JavaScript warning: https://duckduckgo.com/d2793.js, line 1: unreachable code after return statement
JavaScript warning: https://duckduckgo.com/d2793.js, line 1: unreachable code after return statement
JavaScript warning: https://duckduckgo.com/d2793.js, line 1: unreachable code after return statement
JavaScript warning: https://duckduckgo.com/d2793.js, line 1: unreachable code after return statement
JavaScript warning: https://duckduckgo.com/d2793.js, line 1: unreachable code after return statement
1589947660312	Marionette	INFO	Stopped listening on port 62674

###!!! [Child][MessageChannel] Error: (msgtype=0x59000D,name=PHttpChannel::Msg_DeletingChannel) Channel closing: too late to send/recv, messages will be lost


###!!! [Child][MessageChannel] Error: (msgtype=0x59000D,name=PHttpChannel::Msg_DeletingChannel) Channel closing: too late to send/recv, messages will be lost


###!!! [Child][MessageChannel] Error: (msgtype=0x59000D,name=PHttpChannel::Msg_DeletingChannel) Channel closing: too late to send/recv, messages will be lost


###!!! [Child][RunMessage] Error: Channel closing: too late to send/recv, messages will be lost


###!!! [Child][RunMessage] Error: Channel closing: too late to send/recv, messages will be lost


###!!! [Child][MessageChannel::SendAndWait] Error: Channel error: cannot send/recv

1589947664588	mozrunner::runner	INFO	Running command: "C:\\Program Files\\Mozilla Firefox\\firefox.exe" "-marionette" "-foreground" "-no-remote" "-profile" "C:\\Users\\riven\\AppData\\Local\\Temp\\rust_mozprofileMBiHk1"
1589947664908	addons.webextension.doh-rollout@mozilla.org	WARN	Loading extension 'doh-rollout@mozilla.org': Reading manifest: Invalid extension permission: networkStatus
1589947665266	addons.webextension.screenshots@mozilla.org	WARN	Loading extension 'screenshots@mozilla.org': Reading manifest: Invalid extension permission: mozillaAddons
1589947665266	addons.webextension.screenshots@mozilla.org	WARN	Loading extension 'screenshots@mozilla.org': Reading manifest: Invalid extension permission: telemetry
1589947665266	addons.webextension.screenshots@mozilla.org	WARN	Loading extension 'screenshots@mozilla.org': Reading manifest: Invalid extension permission: resource://pdf.js/
1589947665266	addons.webextension.screenshots@mozilla.org	WARN	Loading extension 'screenshots@mozilla.org': Reading manifest: Invalid extension permission: about:reader*
JavaScript error: resource://gre/modules/XULStore.jsm, line 66: Error: Can't find profile directory.
1589947666715	Marionette	INFO	Listening on port 62729
1589947667197	Marionette	WARN	TLS certificate errors will be ignored for this session
JavaScript warning: https://duckduckgo.com/d2793.js, line 1: unreachable code after return statement
JavaScript warning: https://duckduckgo.com/d2793.js, line 1: unreachable code after return statement
JavaScript warning: https://duckduckgo.com/d2793.js, line 1: unreachable code after return statement
JavaScript warning: https://duckduckgo.com/d2793.js, line 1: unreachable code after return statement
JavaScript warning: https://duckduckgo.com/d2793.js, line 1: unreachable code after return statement
JavaScript warning: https://duckduckgo.com/d2793.js, line 1: unreachable code after return statement
JavaScript warning: https://duckduckgo.com/d2793.js, line 1: unreachable code after return statement
1589947669199	Marionette	INFO	Stopped listening on port 62729

###!!! [Child][RunMessage] Error: Channel closing: too late to send/recv, messages will be lost


###!!! [Child][MessageChannel::SendAndWait] Error: Channel error: cannot send/recv

1590032844128	mozrunner::runner	INFO	Running command: "C:\\Program Files\\Mozilla Firefox\\firefox.exe" "-marionette" "-foreground" "-no-remote" "-profile" "C:\\Users\\riven\\AppData\\Local\\Temp\\rust_mozprofile7fXRfo"
1590032844979	addons.webextension.doh-rollout@mozilla.org	WARN	Loading extension 'doh-rollout@mozilla.org': Reading manifest: Invalid extension permission: networkStatus
1590032845355	addons.webextension.screenshots@mozilla.org	WARN	Loading extension 'screenshots@mozilla.org': Reading manifest: Invalid extension permission: mozillaAddons
1590032845355	addons.webextension.screenshots@mozilla.org	WARN	Loading extension 'screenshots@mozilla.org': Reading manifest: Invalid extension permission: telemetry
1590032845356	addons.webextension.screenshots@mozilla.org	WARN	Loading extension 'screenshots@mozilla.org': Reading manifest: Invalid extension permission: resource://pdf.js/
1590032845356	addons.webextension.screenshots@mozilla.org	WARN	Loading extension 'screenshots@mozilla.org': Reading manifest: Invalid extension permission: about:reader*
JavaScript error: resource://gre/modules/XULStore.jsm, line 66: Error: Can't find profile directory.
1590032847336	Marionette	INFO	Listening on port 64174
1590032847757	Marionette	WARN	TLS certificate errors will be ignored for this session
JavaScript warning: https://duckduckgo.com/d2793.js, line 1: unreachable code after return statement
JavaScript warning: https://duckduckgo.com/d2793.js, line 1: unreachable code after return statement
JavaScript warning: https://duckduckgo.com/d2793.js, line 1: unreachable code after return statement
JavaScript warning: https://duckduckgo.com/d2793.js, line 1: unreachable code after return statement
JavaScript warning: https://duckduckgo.com/d2793.js, line 1: unreachable code after return statement
JavaScript warning: https://duckduckgo.com/d2793.js, line 1: unreachable code after return statement
1590032849034	Marionette	INFO	Stopped listening on port 64174
JavaScript warning: https://duckduckgo.com/d2793.js, line 1: unreachable code after return statement
JavaScript warning: https://duckduckgo.com/d2793.js, line 1: unreachable code after return statement
JavaScript warning: https://duckduckgo.com/d2793.js, line 1: unreachable code after return statement

###!!! [Child][RunMessage] Error: Channel closing: too late to send/recv, messages will be lost


###!!! [Child][MessageChannel::SendAndWait] Error: Channel error: cannot send/recv

1590032853491	mozrunner::runner	INFO	Running command: "C:\\Program Files\\Mozilla Firefox\\firefox.exe" "-marionette" "-foreground" "-no-remote" "-profile" "C:\\Users\\riven\\AppData\\Local\\Temp\\rust_mozprofiledy1a1E"
1590032853872	addons.webextension.doh-rollout@mozilla.org	WARN	Loading extension 'doh-rollout@mozilla.org': Reading manifest: Invalid extension permission: networkStatus
1590032854233	addons.webextension.screenshots@mozilla.org	WARN	Loading extension 'screenshots@mozilla.org': Reading manifest: Invalid extension permission: mozillaAddons
1590032854234	addons.webextension.screenshots@mozilla.org	WARN	Loading extension 'screenshots@mozilla.org': Reading manifest: Invalid extension permission: telemetry
1590032854234	addons.webextension.screenshots@mozilla.org	WARN	Loading extension 'screenshots@mozilla.org': Reading manifest: Invalid extension permission: resource://pdf.js/
1590032854234	addons.webextension.screenshots@mozilla.org	WARN	Loading extension 'screenshots@mozilla.org': Reading manifest: Invalid extension permission: about:reader*
JavaScript error: resource://gre/modules/XULStore.jsm, line 66: Error: Can't find profile directory.
1590032856035	Marionette	INFO	Listening on port 64226
1590032856105	Marionette	WARN	TLS certificate errors will be ignored for this session
JavaScript warning: https://duckduckgo.com/d2793.js, line 1: unreachable code after return statement
JavaScript warning: https://duckduckgo.com/d2793.js, line 1: unreachable code after return statement
JavaScript warning: https://duckduckgo.com/d2793.js, line 1: unreachable code after return statement
JavaScript warning: https://duckduckgo.com/d2793.js, line 1: unreachable code after return statement
JavaScript warning: https://duckduckgo.com/d2793.js, line 1: unreachable code after return statement
JavaScript warning: https://duckduckgo.com/d2793.js, line 1: unreachable code after return statement
JavaScript warning: https://duckduckgo.com/d2793.js, line 1: unreachable code after return statement
1590032858344	Marionette	INFO	Stopped listening on port 64226

###!!! [Child][MessageChannel::SendAndWait] Error: Channel error: cannot send/recv

1590033075407	mozrunner::runner	INFO	Running command: "C:\\Program Files\\Mozilla Firefox\\firefox.exe" "-marionette" "-foreground" "-no-remote" "-profile" "C:\\Users\\riven\\AppData\\Local\\Temp\\rust_mozprofile2HqDjo"
1590033075751	addons.webextension.doh-rollout@mozilla.org	WARN	Loading extension 'doh-rollout@mozilla.org': Reading manifest: Invalid extension permission: networkStatus
1590033076107	addons.webextension.screenshots@mozilla.org	WARN	Loading extension 'screenshots@mozilla.org': Reading manifest: Invalid extension permission: mozillaAddons
1590033076107	addons.webextension.screenshots@mozilla.org	WARN	Loading extension 'screenshots@mozilla.org': Reading manifest: Invalid extension permission: telemetry
1590033076107	addons.webextension.screenshots@mozilla.org	WARN	Loading extension 'screenshots@mozilla.org': Reading manifest: Invalid extension permission: resource://pdf.js/
1590033076107	addons.webextension.screenshots@mozilla.org	WARN	Loading extension 'screenshots@mozilla.org': Reading manifest: Invalid extension permission: about:reader*
JavaScript error: resource://gre/modules/XULStore.jsm, line 66: Error: Can't find profile directory.
1590033078023	Marionette	INFO	Listening on port 64308
1590033078524	Marionette	WARN	TLS certificate errors will be ignored for this session
JavaScript warning: https://duckduckgo.com/d2793.js, line 1: unreachable code after return statement
JavaScript warning: https://duckduckgo.com/d2793.js, line 1: unreachable code after return statement
JavaScript warning: https://duckduckgo.com/d2793.js, line 1: unreachable code after return statement
JavaScript warning: https://duckduckgo.com/d2793.js, line 1: unreachable code after return statement
JavaScript warning: https://duckduckgo.com/d2793.js, line 1: unreachable code after return statement
JavaScript warning: https://duckduckgo.com/d2793.js, line 1: unreachable code after return statement
1590033079689	Marionette	INFO	Stopped listening on port 64308

###!!! [Child][MessageChannel] Error: (msgtype=0x59000D,name=PHttpChannel::Msg_DeletingChannel) Channel closing: too late to send/recv, messages will be lost


###!!! [Child][MessageChannel] Error: (msgtype=0x59000D,name=PHttpChannel::Msg_DeletingChannel) Channel closing: too late to send/recv, messages will be lost


###!!! [Child][MessageChannel] Error: (msgtype=0x59000D,name=PHttpChannel::Msg_DeletingChannel) Channel closing: too late to send/recv, messages will be lost


###!!! [Child][MessageChannel] Error: (msgtype=0x380128,name=PContent::Msg_ScriptError) Channel closing: too late to send/recv, messages will be lost


###!!! [Child][RunMessage] Error: Channel closing: too late to send/recv, messages will be lost


###!!! [Child][RunMessage] Error: Channel closing: too late to send/recv, messages will be lost


###!!! [Child][MessageChannel] Error: (msgtype=0x380128,name=PContent::Msg_ScriptError) Channel closing: too late to send/recv, messages will be lost


###!!! [Child][RunMessage] Error: Channel closing: too late to send/recv, messages will be lost


###!!! [Child][RunMessage] Error: Channel closing: too late to send/recv, messages will be lost


###!!! [Child][MessageChannel::SendAndWait] Error: Channel error: cannot send/recv

1590033084153	mozrunner::runner	INFO	Running command: "C:\\Program Files\\Mozilla Firefox\\firefox.exe" "-marionette" "-foreground" "-no-remote" "-profile" "C:\\Users\\riven\\AppData\\Local\\Temp\\rust_mozprofilebaakd2"
1590033084509	addons.webextension.doh-rollout@mozilla.org	WARN	Loading extension 'doh-rollout@mozilla.org': Reading manifest: Invalid extension permission: networkStatus
1590033084887	addons.webextension.screenshots@mozilla.org	WARN	Loading extension 'screenshots@mozilla.org': Reading manifest: Invalid extension permission: mozillaAddons
1590033084887	addons.webextension.screenshots@mozilla.org	WARN	Loading extension 'screenshots@mozilla.org': Reading manifest: Invalid extension permission: telemetry
1590033084887	addons.webextension.screenshots@mozilla.org	WARN	Loading extension 'screenshots@mozilla.org': Reading manifest: Invalid extension permission: resource://pdf.js/
1590033084887	addons.webextension.screenshots@mozilla.org	WARN	Loading extension 'screenshots@mozilla.org': Reading manifest: Invalid extension permission: about:reader*
JavaScript error: resource://gre/modules/XULStore.jsm, line 66: Error: Can't find profile directory.
1590033086745	Marionette	INFO	Listening on port 64358
1590033086767	Marionette	WARN	TLS certificate errors will be ignored for this session
JavaScript warning: https://duckduckgo.com/d2793.js, line 1: unreachable code after return statement
JavaScript warning: https://duckduckgo.com/d2793.js, line 1: unreachable code after return statement
JavaScript warning: https://duckduckgo.com/d2793.js, line 1: unreachable code after return statement
JavaScript warning: https://duckduckgo.com/d2793.js, line 1: unreachable code after return statement
JavaScript warning: https://duckduckgo.com/d2793.js, line 1: unreachable code after return statement
JavaScript warning: https://duckduckgo.com/d2793.js, line 1: unreachable code after return statement
JavaScript warning: https://duckduckgo.com/d2793.js, line 1: unreachable code after return statement
1590033089120	Marionette	INFO	Stopped listening on port 64358

###!!! [Child][RunMessage] Error: Channel closing: too late to send/recv, messages will be lost


###!!! [Child][MessageChannel::SendAndWait] Error: Channel error: cannot send/recv

